<?xml version="1.0" encoding="UTF-8"?>
<!-- Generated by org.testng.reporters.JUnitXMLReporter -->
<testsuite ignored="1" hostname="DELL-9KU4GIF" failures="0" tests="1" name="Default test" time="0.668" errors="0" timestamp="2022-10-27T00:03:11 EDT">
  <testcase classname="com.sas.core.TripTollTest" name="tollQEWto410" time="0.059"/>
  <testcase classname="com.sas.core.TripTollTest" name="tollQEWto403" time="0.0">
    <ignored/>
  </testcase> <!-- tollQEWto403 -->
</testsuite> <!-- Default test -->
