<?xml version="1.0" encoding="UTF-8"?>
<!-- Generated by org.testng.reporters.JUnitXMLReporter -->
<testsuite ignored="0" hostname="DELL-9KU4GIF" failures="0" tests="4" name="Default test" time="1.169" errors="0" timestamp="2022-10-26T14:29:38 EDT">
  <testcase classname="com.sas.core.TripTollTest" name="f" time="0.037"/>
  <testcase classname="com.sas.core.TripTollTest" name="f" time="0.003"/>
  <testcase classname="com.sas.core.TripTollTest" name="testTollCharges" time="0.006"/>
  <testcase classname="com.sas.core.TripTollTest" name="testTollCharges1" time="0.002"/>
</testsuite> <!-- Default test -->
