<?xml version="1.0" encoding="UTF-8"?>
<!-- Generated by org.testng.reporters.JUnitXMLReporter -->
<testsuite ignored="0" hostname="DELL-9KU4GIF" failures="0" tests="3" name="Command line test" time="1.022" errors="0" timestamp="2022-10-26T13:07:20 EDT">
  <testcase classname="com.sas.core.TripTollTest" name="f" time="0.006"/>
  <testcase classname="com.sas.core.TripTollTest" name="f" time="0.0"/>
  <testcase classname="com.sas.core.TripTollTest" name="testTollCharges" time="0.095"/>
</testsuite> <!-- Command line test -->
