<?xml version="1.0" encoding="UTF-8"?>
<testng-results ignored="0" total="2" passed="2" failed="0" skipped="0">
  <reporter-output>
    <line>
      <![CDATA[Test - Distances between QEW -
 
LocationNode { locationId=1, locationName='QEW', latitude=43.336962, longitude=-79.830394}
Route{toId=2, distance='6.062}

LocationNode { locationId=7, locationName='Highway 403', latitude=43.527953, longitude=-79.725364}
Route{toId=6, distance='2.917}
Route{toId=8, distance='4.299}]]>
    </line>
    <line>
      <![CDATA[Test - Distances between QEW -
 
LocationNode { locationId=1, locationName='QEW', latitude=43.336962, longitude=-79.830394}
Route{toId=2, distance='6.062}

LocationNode { locationId=14, locationName='Highway 410', latitude=43.668861, longitude=-79.700151}
Route{toId=13, distance='2.147}
Route{toId=15, distance='2.223}]]>
    </line>
  </reporter-output>
  <suite started-at="2022-10-26T18:19:34 EDT" name="com.sas.core.TripTollTest" finished-at="2022-10-26T18:19:35 EDT" duration-ms="648">
    <groups>
    </groups>
    <test started-at="2022-10-26T18:19:34 EDT" name="Command line test" finished-at="2022-10-26T18:19:35 EDT" duration-ms="648">
      <class name="com.sas.core.TripTollTest">
        <test-method is-config="true" signature="setup()[pri:0, instance:com.sas.core.TripTollTest@22ff4249]" started-at="2022-10-26T18:19:34 EDT" name="setup" finished-at="2022-10-26T18:19:35 EDT" duration-ms="548" status="PASS">
          <reporter-output>
          </reporter-output>
        </test-method> <!-- setup -->
        <test-method signature="tollQEWto403(java.lang.String,java.lang.String)[pri:0, instance:com.sas.core.TripTollTest@22ff4249]" started-at="2022-10-26T18:19:35 EDT" name="tollQEWto403" data-provider="getTestData" finished-at="2022-10-26T18:19:35 EDT" duration-ms="17" status="PASS">
          <params>
            <param index="0">
              <value>
                <![CDATA[QEW]]>
              </value>
            </param>
            <param index="1">
              <value>
                <![CDATA[Highway 403]]>
              </value>
            </param>
          </params>
          <reporter-output>
            <line>
              <![CDATA[Test - Distances between QEW -
 
LocationNode { locationId=1, locationName='QEW', latitude=43.336962, longitude=-79.830394}
Route{toId=2, distance='6.062}

LocationNode { locationId=7, locationName='Highway 403', latitude=43.527953, longitude=-79.725364}
Route{toId=6, distance='2.917}
Route{toId=8, distance='4.299}]]>
            </line>
          </reporter-output>
        </test-method> <!-- tollQEWto403 -->
        <test-method signature="tollQEWto410(java.lang.String,java.lang.String)[pri:0, instance:com.sas.core.TripTollTest@22ff4249]" started-at="2022-10-26T18:19:35 EDT" name="tollQEWto410" data-provider="getTestData" finished-at="2022-10-26T18:19:35 EDT" duration-ms="1" status="PASS">
          <params>
            <param index="0">
              <value>
                <![CDATA[QEW]]>
              </value>
            </param>
            <param index="1">
              <value>
                <![CDATA[Highway 410]]>
              </value>
            </param>
          </params>
          <reporter-output>
            <line>
              <![CDATA[Test - Distances between QEW -
 
LocationNode { locationId=1, locationName='QEW', latitude=43.336962, longitude=-79.830394}
Route{toId=2, distance='6.062}

LocationNode { locationId=14, locationName='Highway 410', latitude=43.668861, longitude=-79.700151}
Route{toId=13, distance='2.147}
Route{toId=15, distance='2.223}]]>
            </line>
          </reporter-output>
        </test-method> <!-- tollQEWto410 -->
        <test-method is-config="true" signature="teardown()[pri:0, instance:com.sas.core.TripTollTest@22ff4249]" started-at="2022-10-26T18:19:35 EDT" name="teardown" finished-at="2022-10-26T18:19:35 EDT" duration-ms="0" status="PASS">
          <reporter-output>
          </reporter-output>
        </test-method> <!-- teardown -->
      </class> <!-- com.sas.core.TripTollTest -->
    </test> <!-- Command line test -->
  </suite> <!-- com.sas.core.TripTollTest -->
</testng-results>
