<?xml version="1.0" encoding="UTF-8"?>
<testng-results ignored="0" total="3" passed="3" failed="0" skipped="0">
  <reporter-output>
  </reporter-output>
  <suite started-at="2022-10-26T13:07:18 EDT" name="com.sas.core.TripTollTest" finished-at="2022-10-26T13:07:19 EDT" duration-ms="1022">
    <groups>
    </groups>
    <test started-at="2022-10-26T13:07:18 EDT" name="Command line test" finished-at="2022-10-26T13:07:19 EDT" duration-ms="1022">
      <class name="com.sas.core.TripTollTest">
        <test-method is-config="true" signature="setup()[pri:0, instance:com.sas.core.TripTollTest@6025e1b6]" started-at="2022-10-26T13:07:19 EDT" name="setup" finished-at="2022-10-26T13:07:19 EDT" duration-ms="827" status="PASS">
          <reporter-output>
          </reporter-output>
        </test-method> <!-- setup -->
        <test-method signature="f(java.lang.String,java.lang.Long)[pri:0, instance:com.sas.core.TripTollTest@6025e1b6]" started-at="2022-10-26T13:07:19 EDT" name="f" data-provider="dataProvider_TripStartEndPoints" finished-at="2022-10-26T13:07:19 EDT" duration-ms="6" status="PASS">
          <params>
            <param index="0">
              <value>
                <![CDATA[QEW]]>
              </value>
            </param>
            <param index="1">
              <value>
                <![CDATA[1]]>
              </value>
            </param>
          </params>
          <reporter-output>
          </reporter-output>
        </test-method> <!-- f -->
        <test-method signature="f(java.lang.String,java.lang.Long)[pri:0, instance:com.sas.core.TripTollTest@6025e1b6]" started-at="2022-10-26T13:07:19 EDT" name="f" data-provider="dataProvider_TripStartEndPoints" finished-at="2022-10-26T13:07:19 EDT" duration-ms="0" status="PASS">
          <params>
            <param index="0">
              <value>
                <![CDATA[Highway 410]]>
              </value>
            </param>
            <param index="1">
              <value>
                <![CDATA[14]]>
              </value>
            </param>
          </params>
          <reporter-output>
          </reporter-output>
        </test-method> <!-- f -->
        <test-method signature="testTollCharges()[pri:0, instance:com.sas.core.TripTollTest@6025e1b6]" started-at="2022-10-26T13:07:19 EDT" name="testTollCharges" finished-at="2022-10-26T13:07:19 EDT" duration-ms="95" status="PASS">
          <reporter-output>
          </reporter-output>
        </test-method> <!-- testTollCharges -->
        <test-method is-config="true" signature="teardown()[pri:0, instance:com.sas.core.TripTollTest@6025e1b6]" started-at="2022-10-26T13:07:19 EDT" name="teardown" finished-at="2022-10-26T13:07:19 EDT" duration-ms="1" status="PASS">
          <reporter-output>
          </reporter-output>
        </test-method> <!-- teardown -->
      </class> <!-- com.sas.core.TripTollTest -->
    </test> <!-- Command line test -->
  </suite> <!-- com.sas.core.TripTollTest -->
</testng-results>
