<?xml version="1.0" encoding="UTF-8"?>
<!-- Generated by org.testng.reporters.JUnitXMLReporter -->
<testsuite ignored="0" hostname="DELL-9KU4GIF" failures="0" tests="4" name="ClassTest" time="1.136" errors="0" timestamp="2022-10-26T14:30:25 EDT">
  <testcase classname="com.sas.core.TripTollTest" name="f" time="0.008"/>
  <testcase classname="com.sas.core.TripTollTest" name="f" time="0.002"/>
  <testcase classname="com.sas.core.TripTollTest" name="testTollCharges" time="0.031"/>
  <testcase classname="com.sas.core.TripTollTest" name="testTollCharges1" time="0.006"/>
</testsuite> <!-- ClassTest -->
